# JRE version: Java(TM) SE Runtime Environment 18.9 (11.0.13+10) (build 11.0.13+10-LTS-370)
# Java VM: Java HotSpot(TM) 64-Bit Server VM 18.9 (11.0.13+10-LTS-370, mixed mode, tiered, compressed oops, g1 gc, windows-amd64)
Heap:
 garbage-first heap   total 155648K, used 21323K [0x0000000082200000, 0x0000000100000000)
  region size 1024K, 8 young (8192K), 8 survivors (8192K)
 Metaspace       used 37986K, capacity 39204K, committed 39472K, reserved 1083392K
  class space    used 4720K, capacity 5178K, committed 5248K, reserved 1048576K
GC Heap History (10 events):
Event: 5.178 GC heap after
{Heap after GC invocations=5 (full 0):
 garbage-first heap   total 129024K, used 10557K [0x0000000082200000, 0x0000000100000000)
  region size 1024K, 3 young (3072K), 3 survivors (3072K)
 Metaspace       used 20541K, capacity 21130K, committed 21296K, reserved 1069056K
  class space    used 2376K, capacity 2601K, committed 2688K, reserved 1048576K
}
Event: 6.132 GC heap before
{Heap before GC invocations=6 (full 0):
 garbage-first heap   total 129024K, used 71997K [0x0000000082200000, 0x0000000100000000)
  region size 1024K, 64 young (65536K), 3 survivors (3072K)
 Metaspace       used 26822K, capacity 27682K, committed 27824K, reserved 1073152K
  class space    used 3226K, capacity 3561K, committed 3584K, reserved 1048576K
}
Event: 6.140 GC heap after
{Heap after GC invocations=7 (full 0):
 garbage-first heap   total 129024K, used 11854K [0x0000000082200000, 0x0000000100000000)
  region size 1024K, 5 young (5120K), 5 survivors (5120K)
 Metaspace       used 26822K, capacity 27682K, committed 27824K, reserved 1073152K
  class space    used 3226K, capacity 3561K, committed 3584K, reserved 1048576K
}
Event: 7.656 GC heap before
{Heap before GC invocations=7 (full 0):
 garbage-first heap   total 129024K, used 81486K [0x0000000082200000, 0x0000000100000000)
  region size 1024K, 73 young (74752K), 5 survivors (5120K)
 Metaspace       used 29926K, capacity 30856K, committed 31152K, reserved 1077248K
  class space    used 3652K, capacity 4000K, committed 4096K, reserved 1048576K
}
Event: 7.666 GC heap after
{Heap after GC invocations=8 (full 0):
 garbage-first heap   total 129024K, used 13629K [0x0000000082200000, 0x0000000100000000)
  region size 1024K, 6 young (6144K), 6 survivors (6144K)
 Metaspace       used 29926K, capacity 30856K, committed 31152K, reserved 1077248K
  class space    used 3652K, capacity 4000K, committed 4096K, reserved 1048576K
}
Event: 8.988 GC heap before
{Heap before GC invocations=8 (full 0):
 garbage-first heap   total 129024K, used 84285K [0x0000000082200000, 0x0000000100000000)
  region size 1024K, 75 young (76800K), 6 survivors (6144K)
 Metaspace       used 32572K, capacity 33516K, committed 33584K, reserved 1079296K
  class space    used 4085K, capacity 4448K, committed 4480K, reserved 1048576K
}
Event: 9.004 GC heap after
{Heap after GC invocations=9 (full 0):
 garbage-first heap   total 129024K, used 16132K [0x0000000082200000, 0x0000000100000000)
  region size 1024K, 8 young (8192K), 8 survivors (8192K)
 Metaspace       used 32572K, capacity 33516K, committed 33584K, reserved 1079296K
  class space    used 4085K, capacity 4448K, committed 4480K, reserved 1048576K
}
Event: 9.464 GC heap before
{Heap before GC invocations=9 (full 0):
 garbage-first heap   total 129024K, used 35588K [0x0000000082200000, 0x0000000100000000)
  region size 1024K, 28 young (28672K), 8 survivors (8192K)
 Metaspace       used 34607K, capacity 35676K, committed 35888K, reserved 1081344K
  class space    used 4320K, capacity 4705K, committed 4736K, reserved 1048576K
}
Event: 9.479 GC heap after
{Heap after GC invocations=10 (full 0):
 garbage-first heap   total 129024K, used 17043K [0x0000000082200000, 0x0000000100000000)
  region size 1024K, 6 young (6144K), 6 survivors (6144K)
 Metaspace       used 34607K, capacity 35676K, committed 35888K, reserved 1081344K
  class space    used 4320K, capacity 4705K, committed 4736K, reserved 1048576K
}
Event: 10.504 GC heap before
{Heap before GC invocations=11 (full 0):
 garbage-first heap   total 129024K, used 86675K [0x0000000082200000, 0x0000000100000000)
  region size 1024K, 75 young (76800K), 6 survivors (6144K)
 Metaspace       used 37986K, capacity 39204K, committed 39472K, reserved 1083392K
  class space    used 4720K, capacity 5178K, committed 5248K, reserved 1048576K
}

